# JRE version: OpenJDK Runtime Environment Microsoft-8035250 (11.0.20+8) (build 11.0.20+8-LTS)
# Java VM: OpenJDK 64-Bit Server VM Microsoft-8035250 (11.0.20+8-LTS, mixed mode, tiered, compressed oops, g1 gc, windows-amd64)
Heap:
 garbage-first heap   total 233472K, used 180135K [0x0000000760000000, 0x0000000800000000)
  region size 1024K, 22 young (22528K), 2 survivors (2048K)
 Metaspace       used 87403K, capacity 92905K, committed 93128K, reserved 1130496K
  class space    used 11251K, capacity 12992K, committed 13080K, reserved 1048576K
GC Heap History (20 events):
Event: 51.910 GC heap before
{Heap before GC invocations=33 (full 0):
 garbage-first heap   total 194560K, used 165768K [0x0000000760000000, 0x0000000800000000)
  region size 1024K, 9 young (9216K), 2 survivors (2048K)
 Metaspace       used 86668K, capacity 92120K, committed 92360K, reserved 1128448K
  class space    used 11223K, capacity 12944K, committed 13080K, reserved 1048576K
}
Event: 51.917 GC heap after
{Heap after GC invocations=34 (full 0):
 garbage-first heap   total 194560K, used 157943K [0x0000000760000000, 0x0000000800000000)
  region size 1024K, 2 young (2048K), 2 survivors (2048K)
 Metaspace       used 86668K, capacity 92120K, committed 92360K, reserved 1128448K
  class space    used 11223K, capacity 12944K, committed 13080K, reserved 1048576K
}
Event: 52.564 GC heap before
{Heap before GC invocations=34 (full 0):
 garbage-first heap   total 194560K, used 168183K [0x0000000760000000, 0x0000000800000000)
  region size 1024K, 12 young (12288K), 2 survivors (2048K)
 Metaspace       used 86901K, capacity 92416K, committed 92616K, reserved 1128448K
  class space    used 11233K, capacity 12951K, committed 13080K, reserved 1048576K
}
Event: 52.570 GC heap after
{Heap after GC invocations=35 (full 0):
 garbage-first heap   total 194560K, used 159312K [0x0000000760000000, 0x0000000800000000)
  region size 1024K, 2 young (2048K), 2 survivors (2048K)
 Metaspace       used 86901K, capacity 92416K, committed 92616K, reserved 1128448K
  class space    used 11233K, capacity 12951K, committed 13080K, reserved 1048576K
}
Event: 52.758 GC heap before
{Heap before GC invocations=35 (full 0):
 garbage-first heap   total 194560K, used 169552K [0x0000000760000000, 0x0000000800000000)
  region size 1024K, 12 young (12288K), 2 survivors (2048K)
 Metaspace       used 87105K, capacity 92627K, committed 92872K, reserved 1128448K
  class space    used 11264K, capacity 13000K, committed 13080K, reserved 1048576K
}
Event: 52.763 GC heap after
{Heap after GC invocations=36 (full 0):
 garbage-first heap   total 194560K, used 160496K [0x0000000760000000, 0x0000000800000000)
  region size 1024K, 2 young (2048K), 2 survivors (2048K)
 Metaspace       used 87105K, capacity 92627K, committed 92872K, reserved 1128448K
  class space    used 11264K, capacity 13000K, committed 13080K, reserved 1048576K
}
Event: 52.902 GC heap before
{Heap before GC invocations=36 (full 0):
 garbage-first heap   total 194560K, used 168688K [0x0000000760000000, 0x0000000800000000)
  region size 1024K, 11 young (11264K), 2 survivors (2048K)
 Metaspace       used 87141K, capacity 92658K, committed 92872K, reserved 1128448K
  class space    used 11256K, capacity 12986K, committed 13080K, reserved 1048576K
}
Event: 52.905 GC heap after
{Heap after GC invocations=37 (full 0):
 garbage-first heap   total 194560K, used 161195K [0x0000000760000000, 0x0000000800000000)
  region size 1024K, 1 young (1024K), 1 survivors (1024K)
 Metaspace       used 87141K, capacity 92658K, committed 92872K, reserved 1128448K
  class space    used 11256K, capacity 12986K, committed 13080K, reserved 1048576K
}
Event: 53.025 GC heap before
{Heap before GC invocations=38 (full 0):
 garbage-first heap   total 194560K, used 169387K [0x0000000760000000, 0x0000000800000000)
  region size 1024K, 10 young (10240K), 1 survivors (1024K)
 Metaspace       used 87173K, capacity 92722K, committed 92872K, reserved 1128448K
  class space    used 11256K, capacity 12986K, committed 13080K, reserved 1048576K
}
Event: 53.029 GC heap after
{Heap after GC invocations=39 (full 0):
 garbage-first heap   total 194560K, used 161627K [0x0000000760000000, 0x0000000800000000)
  region size 1024K, 2 young (2048K), 2 survivors (2048K)
 Metaspace       used 87173K, capacity 92722K, committed 92872K, reserved 1128448K
  class space    used 11256K, capacity 12986K, committed 13080K, reserved 1048576K
}
Event: 53.120 GC heap before
{Heap before GC invocations=39 (full 0):
 garbage-first heap   total 194560K, used 167771K [0x0000000760000000, 0x0000000800000000)
  region size 1024K, 9 young (9216K), 2 survivors (2048K)
 Metaspace       used 87202K, capacity 92722K, committed 92872K, reserved 1128448K
  class space    used 11256K, capacity 12986K, committed 13080K, reserved 1048576K
}
Event: 53.123 GC heap after
{Heap after GC invocations=40 (full 0):
 garbage-first heap   total 194560K, used 161220K [0x0000000760000000, 0x0000000800000000)
  region size 1024K, 1 young (1024K), 1 survivors (1024K)
 Metaspace       used 87202K, capacity 92722K, committed 92872K, reserved 1128448K
  class space    used 11256K, capacity 12986K, committed 13080K, reserved 1048576K
}
Event: 53.558 GC heap before
{Heap before GC invocations=40 (full 0):
 garbage-first heap   total 194560K, used 170436K [0x0000000760000000, 0x0000000800000000)
  region size 1024K, 11 young (11264K), 1 survivors (1024K)
 Metaspace       used 87229K, capacity 92726K, committed 92872K, reserved 1128448K
  class space    used 11257K, capacity 12986K, committed 13080K, reserved 1048576K
}
Event: 53.566 GC heap after
{Heap after GC invocations=41 (full 0):
 garbage-first heap   total 194560K, used 161740K [0x0000000760000000, 0x0000000800000000)
  region size 1024K, 2 young (2048K), 2 survivors (2048K)
 Metaspace       used 87229K, capacity 92726K, committed 92872K, reserved 1128448K
  class space    used 11257K, capacity 12986K, committed 13080K, reserved 1048576K
}
Event: 54.056 GC heap before
{Heap before GC invocations=42 (full 0):
 garbage-first heap   total 194560K, used 170956K [0x0000000760000000, 0x0000000800000000)
  region size 1024K, 11 young (11264K), 2 survivors (2048K)
 Metaspace       used 87207K, capacity 92706K, committed 93128K, reserved 1130496K
  class space    used 11240K, capacity 12955K, committed 13080K, reserved 1048576K
}
Event: 54.061 GC heap after
{Heap after GC invocations=43 (full 0):
 garbage-first heap   total 194560K, used 162286K [0x0000000760000000, 0x0000000800000000)
  region size 1024K, 2 young (2048K), 2 survivors (2048K)
 Metaspace       used 87207K, capacity 92706K, committed 93128K, reserved 1130496K
  class space    used 11240K, capacity 12955K, committed 13080K, reserved 1048576K
}
Event: 54.263 GC heap before
{Heap before GC invocations=43 (full 0):
 garbage-first heap   total 194560K, used 169454K [0x0000000760000000, 0x0000000800000000)
  region size 1024K, 9 young (9216K), 2 survivors (2048K)
 Metaspace       used 87221K, capacity 92707K, committed 93128K, reserved 1130496K
  class space    used 11240K, capacity 12955K, committed 13080K, reserved 1048576K
}
Event: 54.274 GC heap after
{Heap after GC invocations=44 (full 0):
 garbage-first heap   total 194560K, used 161403K [0x0000000760000000, 0x0000000800000000)
  region size 1024K, 2 young (2048K), 2 survivors (2048K)
 Metaspace       used 87221K, capacity 92707K, committed 93128K, reserved 1130496K
  class space    used 11240K, capacity 12955K, committed 13080K, reserved 1048576K
}
Event: 54.633 GC heap before
{Heap before GC invocations=44 (full 0):
 garbage-first heap   total 194560K, used 170619K [0x0000000760000000, 0x0000000800000000)
  region size 1024K, 11 young (11264K), 2 survivors (2048K)
 Metaspace       used 87257K, capacity 92778K, committed 93128K, reserved 1130496K
  class space    used 11240K, capacity 12955K, committed 13080K, reserved 1048576K
}
Event: 54.644 GC heap after
{Heap after GC invocations=45 (full 0):
 garbage-first heap   total 233472K, used 161703K [0x0000000760000000, 0x0000000800000000)
  region size 1024K, 2 young (2048K), 2 survivors (2048K)
 Metaspace       used 87257K, capacity 92778K, committed 93128K, reserved 1130496K
  class space    used 11240K, capacity 12955K, committed 13080K, reserved 1048576K
}

